[0m10:38:05.619670 [debug] [MainThread]: Sending event: {'category': 'dbt', 'action': 'invocation', 'label': 'start', 'context': [<snowplow_tracker.self_describing_json.SelfDescribingJson object at 0x7183a6cee930>, <snowplow_tracker.self_describing_json.SelfDescribingJson object at 0x7183a40e0f80>, <snowplow_tracker.self_describing_json.SelfDescribingJson object at 0x7183a3b7ffe0>]}


============================== 10:38:05.624438 | cedd882f-6fd5-4b4f-a6e4-e32defa4922e ==============================
[0m10:38:05.624438 [info ] [MainThread]: Running with dbt=1.10.8
[0m10:38:05.625251 [debug] [MainThread]: running dbt with arguments {'printer_width': '80', 'indirect_selection': 'eager', 'log_cache_events': 'False', 'write_json': 'True', 'partial_parse': 'True', 'cache_selected_only': 'False', 'warn_error': 'None', 'version_check': 'True', 'profiles_dir': '/home/codespace/.dbt', 'log_path': 'logs', 'debug': 'False', 'fail_fast': 'False', 'use_colors': 'True', 'use_experimental_parser': 'False', 'empty': 'None', 'quiet': 'False', 'no_print': 'None', 'log_format': 'default', 'introspect': 'True', 'invocation_command': 'dbt init jaffle_shop_project', 'static_parser': 'True', 'target_path': 'None', 'warn_error_options': 'WarnErrorOptionsV2(error=[], warn=[], silence=[])', 'send_anonymous_usage_stats': 'True'}
[0m10:38:05.635830 [info ] [MainThread]: Creating dbt configuration folder at /home/codespace/.dbt
[0m10:38:05.637996 [debug] [MainThread]: Starter project path: /usr/local/python/3.12.1/lib/python3.12/site-packages/dbt/include/starter_project
[0m10:38:05.641476 [info ] [MainThread]: 
Your new dbt project "jaffle_shop_project" was created!

For more information on how to configure the profiles.yml file,
please consult the dbt documentation here:

  https://docs.getdbt.com/docs/configure-your-profile

One more thing:

Need help? Don't hesitate to reach out to us via GitHub issues or on Slack:

  https://community.getdbt.com/

Happy modeling!

[0m10:38:05.642158 [info ] [MainThread]: Setting up your profile.
[0m10:38:09.058457 [info ] [MainThread]: Profile jaffle_shop_project written to /home/codespace/.dbt/profiles.yml using target's sample configuration. Once updated, you'll be able to start developing with dbt.
[0m10:38:09.061177 [debug] [MainThread]: Resource report: {"command_name": "init", "command_success": true, "command_wall_clock_time": 3.4957263, "process_in_blocks": "640", "process_kernel_time": 0.153688, "process_mem_max_rss": "102076", "process_out_blocks": "72", "process_user_time": 1.472433}
[0m10:38:09.062063 [debug] [MainThread]: Command `dbt init` succeeded at 10:38:09.061853 after 3.50 seconds
[0m10:38:09.062555 [debug] [MainThread]: Sending event: {'category': 'dbt', 'action': 'invocation', 'label': 'end', 'context': [<snowplow_tracker.self_describing_json.SelfDescribingJson object at 0x7183a6cee930>, <snowplow_tracker.self_describing_json.SelfDescribingJson object at 0x7183a3029610>, <snowplow_tracker.self_describing_json.SelfDescribingJson object at 0x7183a40e0f80>]}
[0m10:38:09.063059 [debug] [MainThread]: Flushing usage events
[0m10:38:09.429759 [debug] [MainThread]: An error was encountered while trying to flush usage events
